<?xml version="1.0" encoding="UTF-8"?>
<testsuite xmlns:xsi="http://www.w3.org/2001/XMLSchema-instance" xsi:noNamespaceSchemaLocation="https://maven.apache.org/surefire/maven-surefire-plugin/xsd/surefire-test-report.xsd" name="com.trains.challenge.application.service.GraphServiceTest" time="1.438" tests="7" errors="0" skipped="0" failures="0">
  <properties>
[...]
</properties>
  <testcase name="testShortestPathADCSuccessfully" classname="com.trains.challenge.application.service.GraphServiceTest" time="0.36"/>
  <testcase name="testShortestPathADSuccessfully" classname="com.trains.challenge.application.service.GraphServiceTest" time="0"/>
  <testcase name="testShortestPathBBSuccessfully" classname="com.trains.challenge.application.service.GraphServiceTest" time="0"/>
  <testcase name="testShortestPathABCSuccessfully" classname="com.trains.challenge.application.service.GraphServiceTest" time="0.015"/>
  <testcase name="testShortestPathACSuccessfully" classname="com.trains.challenge.application.service.GraphServiceTest" time="0"/>
  <testcase name="getShortestPathAEBCDSuccessfully" classname="com.trains.challenge.application.service.GraphServiceTest" time="0"/>
  <testcase name="testShortestPathAEDSuccessfully" classname="com.trains.challenge.application.service.GraphServiceTest" time="0"/>
</testsuite>